2025-04-24 02:22:12 [INFO] __main__: RELATED DATA
2025-04-24 02:22:12 [INFO] __main__: sentence: He had to shout over the noise to be heard.
2025-04-24 02:22:12 [INFO] __main__: word: shout
2025-04-24 02:22:12 [INFO] __main__: 0.8846175721579956 # voice # His voice cracked during the loud shout.
2025-04-24 02:22:12 [INFO] __main__: 0.8585773219281244 # bellowed # He bellowed like a furious lion.
2025-04-24 02:22:12 [INFO] __main__: 0.8460488322334875 # outburst # A shout was part of his emotional outburst.
2025-04-24 02:22:12 [INFO] __main__: 0.8398570446624354 # screamed # The protester screamed with anger.
2025-04-24 02:22:12 [INFO] __main__: 0.8174506297663715 # sound # The coach made a sound to get attention.
2025-04-24 02:22:12 [INFO] __main__: 0.8129764745453638 # yelled # She yelled at the top of her lungs.
2025-04-24 02:22:12 [INFO] __main__: 0.7930243983710491 # silent # You either shout or stay silent.
2025-04-24 02:22:12 [INFO] __main__: 0.7761098564001857 # joy # He let out a sudden shout of joy.
2025-04-24 02:22:12 [INFO] __main__: 0.7756520741952118 # whispered # He whispered softly into her ear.
2025-04-24 02:22:12 [INFO] __main__: 0.7697573129974343 # scēotan # The word 'shout' has roots in Old English 'scēotan'.
2025-04-24 02:22:12 [INFO] __main__: 0.7695973664683571 # alarm # He shouted because the alarm startled him.
2025-04-24 02:22:12 [INFO] __main__: 0.7678514221920143 # music # The music was too loud for her liking.
2025-04-24 02:22:12 [INFO] __main__: 0.7616077823770742 # whispered a secret # He whispered a secret to his friend.
2025-04-24 02:22:12 [INFO] __main__: 0.7587744572941402 # sneezed # He sneezed loudly in the classroom.
2025-04-24 02:22:12 [INFO] __main__: 0.7312351934983874 # Music # Music filled the entire room with joy.
2025-04-24 02:22:12 [INFO] __main__: 0.7284936929084487 # wind # The wind howled through the trees.
2025-04-24 02:22:12 [INFO] __main__: 0.7194098324522704 # dashed # He dashed across the street.
2025-04-24 02:22:12 [INFO] __main__: 0.7162110809798783 # clock # The clock ticked loudly in the silence.
2025-04-24 02:22:12 [INFO] __main__: 0.7137388730376288 # hammer # He used a hammer to fix the chair.
2025-04-24 02:22:12 [INFO] __main__: 0.7096864953674664 # storm # A storm was brewing on the horizon.
2025-04-24 02:22:12 [INFO] __main__: RELATED DATA
2025-04-24 02:22:12 [INFO] __main__: sentence: They plan to build a new library downtown.
2025-04-24 02:22:12 [INFO] __main__: word: build
2025-04-24 02:22:12 [INFO] __main__: 0.7957265845532633 # building # The building includes a library and a gym.
2025-04-24 02:22:12 [INFO] __main__: 0.7897114840781027 # construct # They will construct the school next year.
2025-04-24 02:22:12 [INFO] __main__: 0.7315061723849591 # Books # Books were scattered across the floor.
2025-04-24 02:22:12 [INFO] __main__: 0.7258835078753277 # opened the book # He opened the book and started reading.
2025-04-24 02:22:12 [INFO] __main__: 0.722614504243926 # books # She arranged the books alphabetically.
2025-04-24 02:22:12 [INFO] __main__: 0.7039818612301443 # population # The growing population led them to build more homes.
2025-04-24 02:22:12 [INFO] __main__: RELATED DATA
2025-04-24 02:22:12 [INFO] __main__: sentence: She opened the window to let in fresh air.
2025-04-24 02:22:12 [INFO] __main__: word: opened
2025-04-24 02:22:12 [INFO] __main__: 0.8076408199502183 # pushed # She pushed the gate gently.
2025-04-24 02:22:12 [INFO] __main__: 0.7920785465953629 # windows # The clean windows made the room appear bright.
2025-04-24 02:22:12 [INFO] __main__: 0.7880622440249685 # closed # To open it, it must not be closed.
2025-04-24 02:22:12 [INFO] __main__: 0.7800150073810279 # opening # The opening marked the start of the ceremony.
2025-04-24 02:22:12 [INFO] __main__: 0.7788077535229014 # unlocked # He unlocked the door carefully.
2025-04-24 02:22:12 [INFO] __main__: 0.7696960840150007 # heat # The heat made her open the window.
2025-04-24 02:22:12 [INFO] __main__: 0.765864502319009 # brightness # The brightness of the room made her smile.
2025-04-24 02:22:12 [INFO] __main__: 0.7512357122086555 # openian # ‘Open’ stems from Old English ‘openian’.
2025-04-24 02:22:12 [INFO] __main__: 0.7490515406840982 # handle # The handle creaked as she opened the door.
2025-04-24 02:22:12 [INFO] __main__: 0.7325089212180571 # opened the book # He opened the book and started reading.
2025-04-24 02:22:12 [INFO] __main__: 0.7101118775352633 # unzipped # He unzipped his jacket as he entered.
2025-04-24 02:22:12 [INFO] __main__: 0.7100915777504502 # closed # She closed the book and sighed.
2025-04-24 02:22:12 [INFO] __main__: 0.7071676296105469 # luminous # The hallway was luminous with sunlight.
2025-04-24 02:22:12 [INFO] __main__: 0.7028042285798517 # smile # She wore a bright smile all day.
2025-04-24 02:22:12 [INFO] __main__: 0.7018102160926527 # umbrella # He opened the umbrella as it started to rain.
2025-04-24 02:22:12 [INFO] __main__: 0.7007563456448875 # solved the mystery # The detective solved the mystery just in time.
2025-04-24 02:22:12 [INFO] __main__: RELATED DATA
2025-04-24 02:22:12 [INFO] __main__: sentence: He likes to run in the mornings before work.
2025-04-24 02:22:12 [INFO] __main__: word: run
2025-04-24 02:22:12 [INFO] __main__: 0.8812009731976905 # routine # Running is part of his morning routine.
2025-04-24 02:22:12 [INFO] __main__: 0.8168067183762254 # healthy # He runs to stay healthy.
2025-04-24 02:22:12 [INFO] __main__: 0.7869914989109053 # marathon # He runs a marathon every year.
2025-04-24 02:22:12 [INFO] __main__: 0.7848082980374107 # legs # His legs moved fast as he ran downhill.
2025-04-24 02:22:12 [INFO] __main__: 0.7593798951022778 # exercise # They engage in exercise regularly.
2025-04-24 02:22:12 [INFO] __main__: 0.7584256497142521 # rinnan # ‘Run’ comes from Old English ‘rinnan’.
2025-04-24 02:22:12 [INFO] __main__: 0.7533475934860592 # sprinted # He sprinted the last 100 meters.
2025-04-24 02:22:12 [INFO] __main__: 0.742797021313165 # dashed # He dashed across the street.
2025-04-24 02:22:12 [INFO] __main__: 0.7314882904099163 # still # You either run or stay still.
2025-04-24 02:22:12 [INFO] __main__: 0.7307457978986753 # jogs # She jogs every evening at the park.
2025-04-24 02:22:12 [INFO] __main__: 0.7240265262408809 # alarm # He shouted because the alarm startled him.
2025-04-24 02:22:12 [INFO] __main__: 0.7010720562583103 # opened the book # He opened the book and started reading.
2025-04-24 02:22:12 [INFO] __main__: 0.7009839595456945 # river # He swam across the river quickly.
2025-04-24 02:22:12 [INFO] __main__: RELATED DATA
2025-04-24 02:22:12 [INFO] __main__: sentence: The room was bright and cheerful.
2025-04-24 02:22:12 [INFO] __main__: word: bright
2025-04-24 02:22:12 [INFO] __main__: 0.9218095010206249 # brightness # The brightness of the room made her smile.
2025-04-24 02:22:12 [INFO] __main__: 0.8704244278706966 # color # The bright color of the lamp lit up the room.
2025-04-24 02:22:12 [INFO] __main__: 0.8633571103031045 # luminous # The hallway was luminous with sunlight.
2025-04-24 02:22:12 [INFO] __main__: 0.8482788251935252 # Music # Music filled the entire room with joy.
2025-04-24 02:22:12 [INFO] __main__: 0.828131813190861 # windows # The clean windows made the room appear bright.
2025-04-24 02:22:12 [INFO] __main__: 0.7996208926609273 # candle # The candle burned brightly.
2025-04-24 02:22:12 [INFO] __main__: 0.7934077260724111 # glossy # The glossy finish made the wall look bright.
2025-04-24 02:22:12 [INFO] __main__: 0.7857821489545413 # celebrated # The team celebrated their victory.
2025-04-24 02:22:12 [INFO] __main__: 0.7774570856633586 # vivid # She preferred vivid colors in her home.
2025-04-24 02:22:12 [INFO] __main__: 0.7696611072622814 # smile # She wore a bright smile all day.
2025-04-24 02:22:12 [INFO] __main__: 0.763628246343364 # joy # He let out a sudden shout of joy.
2025-04-24 02:22:12 [INFO] __main__: 0.7624558139413489 # gloomy # The sky is either bright or gloomy.
2025-04-24 02:22:12 [INFO] __main__: 0.7490285748998009 # solved the mystery # The detective solved the mystery just in time.
2025-04-24 02:22:12 [INFO] __main__: 0.7452017583044819 # building # The building includes a library and a gym.
2025-04-24 02:22:12 [INFO] __main__: 0.744558953404222 # danced gracefully # She danced gracefully across the stage.
2025-04-24 02:22:12 [INFO] __main__: 0.7384306865627865 # glaring # The neon sign was glaring in the night.
2025-04-24 02:22:12 [INFO] __main__: 0.7274034953425346 # doorbell # They installed a new doorbell.
2025-04-24 02:22:12 [INFO] __main__: 0.7271733150967212 # unlocked # He unlocked the door carefully.
2025-04-24 02:22:12 [INFO] __main__: 0.7265524237171967 # rainbow # A rainbow appeared after the rain.
2025-04-24 02:22:12 [INFO] __main__: 0.7265358557898005 # pushed # She pushed the gate gently.
